

/******************************************************************************************
* WriteStepFile diagnostics.
* Date:                           Thu Mar 14 21:31:42 2019 
* Produced by:                    The EXPRESS Data Manager Version 5.02.0100.07 : 28 Aug 2013
* Module:                         EDMstepFileFactory/EDMstandAlone
* Host:                           DESKTOP-14DA0RI
* Database:                       C:\Users\USER\AppData\Local\Temp\{44CBBD0E-09AB-4D76-A2DF-A147D6D59463}\ifc
* Database version:               5507
* Database creation date:         Thu Mar 14 21:31:41 2019
* Model:                          DataRepository.ifc
* Model creation date:            Thu Mar 14 21:31:42 2019
* Header model:                   DataRepository.ifc_HeaderModel
* Header model creation date:     Thu Mar 14 21:31:42 2019
* Step file:                      house.ifc
* EDMuser:                        sdai-user
* EDMgroup:                       sdai-group
* License ID and type:            5605 : Permanent license. Expiry date: 
* EDMstepFileFactory options:     020000
******************************************************************************************/


------------------------------------------------------------------------------------------------
Operation terminated successfully.
------------------------------------------------------------------------------------------------

